I will begin by viewing the contents of the `brief.md` file in the target directory to understand the specific task instructions.
I will list the contents of the `/Users/jedg./Desktop/kat_ha_pb/brief-glm5-plan/` directory to see what files exist there.
I will view the contents of the `agy-stdout.log` file in the same directory to check if there is any useful information or logs from previous steps.
I will write the complete overhauled plan and implementation blueprints to `/Users/jedg./Desktop/kat_ha_pb/brief-glm5-plan/result.md` as instructed. This plan outlines the end-to-end overhaul of the Zenith pipeline into the ATELIER (Vanguard Edition) aesthetic, including design token mappings, core stylesheet overrides, component restructurings, state integrations, and a Playwright test specification.
I will write the complete plan and implementations to `/Users/jedg./Desktop/kat_ha_pb/brief-glm5-plan/result.md` without setting `ArtifactMetadata`, as it is a project workspace file and not a system-level agent artifact.
I will now verify the contents of the newly created `result.md` to confirm the formatting is correct and that the required transaction sentinel `STATUS: COMPLETE` sits on the final line with nothing after it.
I will view the final section of `result.md` starting around line 500 to check the end of the document.
I have completed the task and verified the output. 

### Summary of Work:
1. **Analyzed the Legacy Base Code (`brief.md`):** Studied the base code structure containing the Dark Filipino Heritage theme, date availability gate logic, template arrays, and drawer layouts.
2. **Mapped the New Design System:** Mapped all aspects of the **ATELIER (Vanguard Edition)** quiet luxury minimalist style:
   - Typography: `IvyMode` display serif and `Proxima Nova` UI sans-serif.
   - Palette (Forest + Cream): `#FBFBF9` macro background, `#0F0F0F` text color, `#043927` accent green color, and double-bezel alpha opacity hardware styles.
   - Form structures: nested Doppelrand cards.
   - Interactive motion: magnetic active physics for the CTA buttons and floating frictionless inputs.
   - Layout: an Editorial Split layout separating locked typographic media display from the interactive column.
3. **Formulated the Overhaul Roadmap:** Drafted a 7-phase step-by-step implementation plan including Playwright integration test specs, SEO optimization strategies, and metadata mapping.
4. **Drafted Refactored Core Codebases:** Produced full React component layouts and core CSS declarations implementing the design overrides.
5. **Saved to Target Destination:** Wrote the complete plan to `/Users/jedg./Desktop/kat_ha_pb/brief-glm5-plan/result.md` ending exactly with the required sentinel:
   ```text
   STATUS: COMPLETE
   ```
